2018-05-15 15:06:06,496  INFO: 启动CTA策略运行子进程
2018-05-15 15:06:06,500  INFO: 事件引擎创建成功
2018-05-15 15:06:06,859  INFO: 主引擎创建成功
2018-05-15 15:06:06,861  INFO: 注册日志事件监听
2018-05-15 15:06:08,523  INFO: huobi	行情服务器连接成功
2018-05-15 15:06:08,661  INFO: huobi	交易服务器连接成功
2018-05-15 15:06:08,880  INFO: 连接HUOBI接口
2018-05-15 15:06:08,921  INFO: MAIN_ENGINE	MongoDB连接成功
2018-05-15 15:06:09,249  INFO: huobi	交易代码查询成功
2018-05-15 15:06:09,838  INFO: huobi	交易账户1616722查询成功
2018-05-15 15:06:09,842  INFO: huobi	交易账户3293164查询成功
2018-05-15 15:06:09,845  INFO: huobi	交易账户3371698查询成功
2018-05-15 15:06:18,888  INFO: CTA策略载入成功
2018-05-15 15:06:18,904  INFO: CTA策略初始化成功
2018-05-15 15:06:18,904  INFO: CTA策略启动成功
2018-05-15 15:06:18,934  INFO: CTA_STRATEGY	atr rsi:atr rsi策略初始化
2018-05-15 15:06:18,936  INFO: CTA_STRATEGY	king keltner:king keltner策略初始化
2018-05-15 15:06:18,937  INFO: CTA_STRATEGY	atr rsi:atr rsi策略启动
2018-05-15 15:06:18,937  INFO: CTA_STRATEGY	king keltner:king keltner策略启动
2018-05-15 15:20:33,848  INFO: 启动CTA策略运行子进程
2018-05-15 15:20:33,851  INFO: 事件引擎创建成功
2018-05-15 15:20:34,148  INFO: 主引擎创建成功
2018-05-15 15:20:34,148  INFO: 注册日志事件监听
2018-05-15 15:20:36,318  INFO: huobi	行情服务器连接成功
2018-05-15 15:20:36,450  INFO: huobi	交易服务器连接成功
2018-05-15 15:20:36,658  INFO: 连接HUOBI接口
2018-05-15 15:20:36,691  INFO: MAIN_ENGINE	MongoDB连接成功
2018-05-15 15:20:37,125  INFO: huobi	交易代码查询成功
2018-05-15 15:20:37,848  INFO: huobi	交易账户1616722查询成功
2018-05-15 15:20:37,854  INFO: huobi	交易账户3293164查询成功
2018-05-15 15:20:37,861  INFO: huobi	交易账户3371698查询成功
2018-05-15 15:22:10,523  INFO: 启动CTA策略运行子进程
2018-05-15 15:22:10,525  INFO: 事件引擎创建成功
2018-05-15 15:22:10,811  INFO: 主引擎创建成功
2018-05-15 15:22:10,812  INFO: 注册日志事件监听
