2018-05-26 19:14:50,542  INFO: 启动CTA策略运行子进程
2018-05-26 19:14:50,543  INFO: 事件引擎创建成功
2018-05-26 19:14:50,638  INFO: 主引擎创建成功
2018-05-26 19:14:50,640  INFO: 注册日志事件监听
2018-05-26 19:14:53,115  INFO: huobi	行情服务器连接成功
2018-05-26 19:14:53,119  INFO: huobi	交易服务器连接成功
2018-05-26 19:14:53,315  INFO: 连接HUOBI接口
2018-05-26 19:14:53,335  INFO: MAIN_ENGINE	MongoDB连接成功
2018-05-26 19:14:54,357  INFO: huobi	交易代码查询成功
2018-05-26 19:14:55,437  INFO: huobi	交易账户1616722查询成功
2018-05-26 19:14:55,441  INFO: huobi	交易账户3293164查询成功
2018-05-26 19:14:55,444  INFO: huobi	交易账户3371698查询成功
2018-05-26 19:15:03,319  INFO: CTA策略载入成功
2018-05-26 19:15:42,207  INFO: CTA_STRATEGY	king keltner:king keltner策略初始化
2018-05-26 19:15:53,197  INFO: CTA策略初始化成功
2018-05-26 19:15:53,198  INFO: CTA策略启动成功
2018-05-26 19:15:53,220  INFO: CTA_STRATEGY	king keltner:king keltner策略启动
2018-05-26 19:49:40,993  INFO: 启动CTA策略运行子进程
2018-05-26 19:49:40,994  INFO: 事件引擎创建成功
2018-05-26 19:49:41,079  INFO: 主引擎创建成功
2018-05-26 19:49:41,079  INFO: 注册日志事件监听
2018-05-26 19:49:43,342  INFO: huobi	行情服务器连接成功
2018-05-26 19:49:43,362  INFO: huobi	交易服务器连接成功
2018-05-26 19:49:43,573  INFO: 连接HUOBI接口
2018-05-26 19:49:43,592  INFO: MAIN_ENGINE	MongoDB连接成功
2018-05-26 19:49:44,523  INFO: huobi	交易代码查询成功
2018-05-26 19:49:45,517  INFO: huobi	交易账户1616722查询成功
2018-05-26 19:49:45,523  INFO: huobi	交易账户3293164查询成功
2018-05-26 19:49:45,523  INFO: huobi	交易账户3371698查询成功
2018-05-26 19:49:53,575  INFO: CTA策略载入成功
