2018-06-25 15:17:08,950  INFO: 启动CTA策略运行子进程
2018-06-25 15:17:08,953  INFO: 事件引擎创建成功
2018-06-25 15:17:09,085  INFO: 主引擎创建成功
2018-06-25 15:17:09,085  INFO: 注册日志事件监听
2018-06-25 15:17:10,743  INFO: huobi	行情服务器连接成功
2018-06-25 15:17:10,749  INFO: huobi	交易服务器连接成功
2018-06-25 15:17:10,903  INFO: 连接HUOBI接口
2018-06-25 15:17:10,914  INFO: MAIN_ENGINE	MongoDB连接成功
2018-06-25 15:17:11,334  INFO: huobi	交易代码查询成功
2018-06-25 15:17:11,716  INFO: huobi	交易账户1616722查询成功
2018-06-25 15:17:11,717  INFO: huobi	交易账户3293164查询成功
2018-06-25 15:17:11,720  INFO: huobi	交易账户3371698查询成功
2018-06-25 15:17:20,910  INFO: CTA策略载入成功
2018-06-25 15:17:44,802  INFO: CTA_STRATEGY	king keltner:king keltner策略初始化
2018-06-25 15:19:32,565  INFO: CTA策略初始化成功
2018-06-25 15:19:32,565  INFO: CTA策略启动成功
2018-06-25 15:19:32,605  INFO: CTA_STRATEGY	king keltner:king keltner策略启动
2018-06-25 15:59:53,765  INFO: 启动CTA策略运行子进程
2018-06-25 15:59:53,766  INFO: 事件引擎创建成功
2018-06-25 15:59:53,888  INFO: 主引擎创建成功
2018-06-25 15:59:53,888  INFO: 注册日志事件监听
2018-06-25 15:59:55,673  INFO: huobi	行情服务器连接成功
2018-06-25 15:59:55,681  INFO: huobi	交易服务器连接成功
2018-06-25 15:59:55,742  INFO: 连接HUOBI接口
2018-06-25 15:59:55,749  INFO: MAIN_ENGINE	MongoDB连接成功
2018-06-25 15:59:56,107  INFO: huobi	交易代码查询成功
2018-06-25 15:59:56,526  INFO: huobi	交易账户1616722查询成功
2018-06-25 15:59:56,536  INFO: huobi	交易账户3293164查询成功
2018-06-25 15:59:56,539  INFO: huobi	交易账户3371698查询成功
2018-06-25 16:00:05,749  INFO: CTA策略载入成功
2018-06-25 16:02:20,224  INFO: CTA_STRATEGY	king keltner:king keltner策略初始化
2018-06-25 16:06:01,851  INFO: 启动CTA策略运行子进程
2018-06-25 16:06:01,852  INFO: 事件引擎创建成功
2018-06-25 16:06:01,944  INFO: 主引擎创建成功
2018-06-25 16:06:01,944  INFO: 注册日志事件监听
2018-06-25 16:06:03,588  INFO: huobi	行情服务器连接成功
2018-06-25 16:06:03,601  INFO: huobi	交易服务器连接成功
2018-06-25 16:06:03,627  INFO: 连接HUOBI接口
2018-06-25 16:06:03,637  INFO: MAIN_ENGINE	MongoDB连接成功
2018-06-25 16:06:04,032  INFO: huobi	交易代码查询成功
2018-06-25 16:06:04,398  INFO: huobi	交易账户1616722查询成功
2018-06-25 16:06:04,400  INFO: huobi	交易账户3293164查询成功
2018-06-25 16:06:04,401  INFO: huobi	交易账户3371698查询成功
2018-06-25 16:06:13,631  INFO: CTA策略载入成功
2018-06-25 16:06:17,786  INFO: CTA_STRATEGY	king keltner:king keltner策略初始化
2018-06-25 16:21:25,236  INFO: 启动CTA策略运行子进程
2018-06-25 16:21:25,237  INFO: 事件引擎创建成功
2018-06-25 16:21:25,335  INFO: 主引擎创建成功
2018-06-25 16:21:25,335  INFO: 注册日志事件监听
2018-06-25 16:21:26,869  INFO: huobi	行情服务器连接成功
2018-06-25 16:21:26,872  INFO: huobi	交易服务器连接成功
2018-06-25 16:21:26,890  INFO: 连接HUOBI接口
2018-06-25 16:21:26,897  INFO: MAIN_ENGINE	MongoDB连接成功
2018-06-25 16:21:27,280  INFO: huobi	交易代码查询成功
2018-06-25 16:21:27,645  INFO: huobi	交易账户1616722查询成功
2018-06-25 16:21:27,647  INFO: huobi	交易账户3293164查询成功
2018-06-25 16:21:27,648  INFO: huobi	交易账户3371698查询成功
2018-06-25 16:21:36,895  INFO: CTA策略载入成功
2018-06-25 16:22:53,595  INFO: CTA_STRATEGY	king keltner:king keltner策略初始化
2018-06-25 16:24:45,460  INFO: 启动CTA策略运行子进程
2018-06-25 16:24:45,461  INFO: 事件引擎创建成功
2018-06-25 16:39:43,375  INFO: 主引擎创建成功
2018-06-25 16:39:57,714  INFO: 注册日志事件监听
2018-06-25 16:54:17,963  INFO: huobi	行情服务器连接成功
2018-06-25 16:54:26,174  INFO: huobi	交易服务器连接成功
2018-06-25 16:54:26,759  INFO: huobi	交易代码查询成功
2018-06-25 16:54:27,138  INFO: huobi	交易账户1616722查询成功
2018-06-25 16:54:27,138  INFO: huobi	交易账户3293164查询成功
2018-06-25 16:54:27,138  INFO: huobi	交易账户3371698查询成功
2018-06-25 16:54:31,516  INFO: MAIN_ENGINE	MongoDB连接成功
2018-06-25 16:54:33,062  INFO: 连接HUOBI接口
2018-06-25 16:54:49,223  INFO: CTA策略载入成功
2018-06-25 16:54:49,884  INFO: CTA_STRATEGY	king keltner:king keltner策略初始化
2018-06-25 17:13:54,114  INFO: 启动CTA策略运行子进程
2018-06-25 17:13:54,119  INFO: 事件引擎创建成功
2018-06-25 17:17:30,822  INFO: 主引擎创建成功
2018-06-25 17:17:33,878  INFO: 注册日志事件监听
2018-06-25 17:22:29,061  INFO: 连接HUOBI接口
2018-06-25 17:30:25,456  INFO: CTA策略载入成功
2018-06-25 17:30:29,243  INFO: CTA策略初始化成功
2018-06-25 17:30:33,835  INFO: CTA策略启动成功
2018-06-25 17:32:18,609  INFO: 启动CTA策略运行子进程
2018-06-25 17:32:18,611  INFO: 事件引擎创建成功
2018-06-25 17:32:31,167  INFO: 主引擎创建成功
2018-06-25 17:32:33,407  INFO: 注册日志事件监听
2018-06-25 17:32:35,394  INFO: huobi	行情服务器连接成功
2018-06-25 17:32:35,428  INFO: huobi	交易服务器连接成功
2018-06-25 17:32:35,500  INFO: MAIN_ENGINE	MongoDB连接成功
2018-06-25 17:32:37,171  INFO: 连接HUOBI接口
2018-06-25 17:32:40,855  INFO: huobi	交易代码查询成功
2018-06-25 17:32:41,170  INFO: huobi	交易账户1616722查询成功
2018-06-25 17:32:41,171  INFO: huobi	交易账户3293164查询成功
2018-06-25 17:32:41,173  INFO: huobi	交易账户3371698查询成功
2018-06-25 17:34:55,526  INFO: CTA策略载入成功
2018-06-25 17:36:59,015  INFO: CTA_STRATEGY	king keltner:king keltner策略初始化
2018-06-25 17:47:33,164  INFO: 启动CTA策略运行子进程
2018-06-25 17:47:33,164  INFO: 事件引擎创建成功
2018-06-25 17:53:49,186  INFO: 主引擎创建成功
2018-06-25 18:05:15,411  INFO: 注册日志事件监听
2018-06-25 18:05:25,193  INFO: huobi	行情服务器连接成功
2018-06-25 18:05:25,201  INFO: huobi	交易服务器连接成功
2018-06-25 18:05:25,276  INFO: MAIN_ENGINE	MongoDB连接成功
2018-06-25 18:05:25,634  INFO: huobi	交易代码查询成功
2018-06-25 18:05:26,000  INFO: huobi	交易账户1616722查询成功
2018-06-25 18:05:26,003  INFO: huobi	交易账户3293164查询成功
2018-06-25 18:05:26,005  INFO: huobi	交易账户3371698查询成功
2018-06-25 18:05:30,644  INFO: 连接HUOBI接口
2018-06-25 18:28:08,072  INFO: 启动CTA策略运行子进程
2018-06-25 18:28:08,073  INFO: 事件引擎创建成功
2018-06-25 18:30:42,529  INFO: 主引擎创建成功
2018-06-25 18:30:47,726  INFO: 注册日志事件监听
2018-06-25 18:30:50,571  INFO: huobi	行情服务器连接成功
2018-06-25 18:30:50,589  INFO: huobi	交易服务器连接成功
2018-06-25 18:30:50,648  INFO: MAIN_ENGINE	MongoDB连接成功
2018-06-25 18:30:51,016  INFO: huobi	交易代码查询成功
2018-06-25 18:30:51,394  INFO: huobi	交易账户1616722查询成功
2018-06-25 18:30:51,395  INFO: huobi	交易账户3293164查询成功
2018-06-25 18:30:51,398  INFO: huobi	交易账户3371698查询成功
2018-06-25 18:30:53,892  INFO: 连接HUOBI接口
2018-06-25 18:31:11,042  INFO: CTA策略载入成功
2018-06-25 18:31:19,265  INFO: CTA_STRATEGY	king keltner:king keltner策略初始化
