2018-06-26 13:40:52,976  INFO: 启动CTA策略运行子进程
2018-06-26 13:40:52,977  INFO: 事件引擎创建成功
2018-06-26 13:40:58,565  INFO: 主引擎创建成功
2018-06-26 13:41:01,240  INFO: 注册日志事件监听
2018-06-26 13:41:03,773  INFO: huobi	行情服务器连接成功
2018-06-26 13:41:03,815  INFO: huobi	交易服务器连接成功
2018-06-26 13:41:03,884  INFO: MAIN_ENGINE	MongoDB连接成功
2018-06-26 13:41:04,250  INFO: huobi	交易代码查询成功
2018-06-26 13:41:04,617  INFO: huobi	交易账户1616722查询成功
2018-06-26 13:41:04,619  INFO: huobi	交易账户3293164查询成功
2018-06-26 13:41:04,621  INFO: huobi	交易账户3371698查询成功
2018-06-26 13:41:06,732  INFO: 连接HUOBI接口
2018-06-26 13:41:22,806  INFO: CTA策略载入成功
2018-06-26 13:41:26,289  INFO: CTA_STRATEGY	king keltner:king keltner策略初始化
2018-06-26 13:43:08,892  INFO: CTA策略初始化成功
2018-06-26 13:43:09,875  INFO: CTA_STRATEGY	king keltner:king keltner策略启动
2018-06-26 13:43:11,483  INFO: CTA策略启动成功
2018-06-26 17:26:48,073  INFO: 启动CTA策略运行子进程
2018-06-26 17:26:48,075  INFO: 事件引擎创建成功
2018-06-26 17:27:57,165  INFO: 主引擎创建成功
2018-06-26 17:28:05,562  INFO: 注册日志事件监听
2018-06-26 17:28:11,119  INFO: huobi	行情服务器连接成功
2018-06-26 17:28:11,138  INFO: huobi	交易服务器连接成功
2018-06-26 17:28:11,516  INFO: MAIN_ENGINE	MongoDB连接成功
2018-06-26 17:28:11,782  INFO: huobi	交易代码查询成功
2018-06-26 17:28:12,361  INFO: huobi	交易账户1616722查询成功
2018-06-26 17:28:12,364  INFO: huobi	交易账户3293164查询成功
2018-06-26 17:28:12,367  INFO: huobi	交易账户3371698查询成功
2018-06-26 17:28:17,996  INFO: 连接HUOBI接口
2018-06-26 17:48:45,313  INFO: CTA策略载入成功
2018-06-27 11:43:21,299  INFO: CTA策略初始化成功
2018-06-27 11:43:21,302  INFO: CTA策略启动成功
