2018-05-25 17:22:51,943  INFO: 启动CTA策略运行子进程
2018-05-25 17:22:51,944  INFO: 事件引擎创建成功
2018-05-25 17:22:52,062  INFO: 主引擎创建成功
2018-05-25 17:22:52,062  INFO: 注册日志事件监听
2018-05-25 17:22:53,790  INFO: huobi	行情服务器连接成功
2018-05-25 17:22:53,796  INFO: huobi	交易服务器连接成功
2018-05-25 17:22:54,191  INFO: 连接HUOBI接口
2018-05-25 17:22:54,197  INFO: MAIN_ENGINE	MongoDB连接成功
2018-05-25 17:22:54,596  INFO: huobi	交易代码查询成功
2018-05-25 17:22:55,078  INFO: huobi	交易账户1616722查询成功
2018-05-25 17:22:55,081  INFO: huobi	交易账户3293164查询成功
2018-05-25 17:22:55,082  INFO: huobi	交易账户3371698查询成功
2018-05-25 17:23:04,196  INFO: CTA策略载入成功
2018-05-25 17:23:31,049  INFO: CTA_STRATEGY	king keltner:king keltner策略初始化
2018-05-25 19:17:59,250  INFO: CTA策略初始化成功
2018-05-25 19:18:00,502  INFO: CTA策略启动成功
2018-05-25 22:23:54,354  INFO: 启动CTA策略运行子进程
2018-05-25 22:23:54,357  INFO: 事件引擎创建成功
2018-05-25 22:23:54,466  INFO: 主引擎创建成功
2018-05-25 22:23:54,466  INFO: 注册日志事件监听
2018-05-25 22:23:56,779  INFO: huobi	行情服务器连接成功
2018-05-25 22:23:56,779  INFO: huobi	交易服务器连接成功
2018-05-25 22:23:57,178  INFO: 连接HUOBI接口
2018-05-25 22:23:57,194  INFO: MAIN_ENGINE	MongoDB连接成功
2018-05-25 22:23:58,128  INFO: huobi	交易代码查询成功
2018-05-25 22:23:59,180  INFO: huobi	交易账户1616722查询成功
2018-05-25 22:23:59,184  INFO: huobi	交易账户3293164查询成功
2018-05-25 22:23:59,186  INFO: huobi	交易账户3371698查询成功
2018-05-25 22:24:07,187  INFO: CTA策略载入成功
2018-05-25 22:24:09,834  INFO: CTA_STRATEGY	king keltner:king keltner策略初始化
