2018-05-12 13:50:34,463  INFO: 启动CTA策略运行子进程
2018-05-12 13:50:37,441  INFO: 事件引擎创建成功
2018-05-12 13:56:03,734  INFO: 主引擎创建成功
2018-05-12 13:56:15,085  INFO: 注册日志事件监听
2018-05-12 13:56:15,954  INFO: MAIN_ENGINE	接口不存在：huobi
2018-05-12 13:57:52,171  INFO: 启动CTA策略运行子进程
2018-05-12 13:57:52,171  INFO: 事件引擎创建成功
2018-05-12 13:58:31,447  INFO: 主引擎创建成功
2018-05-12 13:58:54,292  INFO: 注册日志事件监听
2018-05-12 14:02:56,500  INFO: 启动CTA策略运行子进程
2018-05-12 14:02:56,500  INFO: 事件引擎创建成功
2018-05-12 14:03:02,874  INFO: 主引擎创建成功
2018-05-12 14:06:07,000  INFO: 启动CTA策略运行子进程
2018-05-12 14:06:07,002  INFO: 事件引擎创建成功
2018-05-12 14:06:07,069  INFO: 主引擎创建成功
2018-05-12 14:06:07,069  INFO: 注册日志事件监听
2018-05-12 14:07:03,456  INFO: huobi	交易服务器连接成功
2018-05-12 14:07:05,773  INFO: huobi	交易代码查询成功
2018-05-12 14:07:06,750  INFO: huobi	交易账户1616722查询成功
2018-05-12 14:07:06,753  INFO: huobi	交易账户3293164查询成功
2018-05-12 14:07:06,753  INFO: huobi	交易账户3371698查询成功
2018-05-12 14:07:35,823  INFO: MAIN_ENGINE	MongoDB连接成功
2018-05-12 14:08:28,163  INFO: 连接HUOBI接口
2018-05-12 14:10:54,977  INFO: CTA_STRATEGY	找不到策略类：EmaDemoStrategy
2018-05-12 14:11:27,601  INFO: 启动CTA策略运行子进程
2018-05-12 14:11:27,602  INFO: 事件引擎创建成功
2018-05-12 14:11:27,671  INFO: 主引擎创建成功
2018-05-12 14:11:27,671  INFO: 注册日志事件监听
2018-05-12 14:19:35,757  INFO: 启动CTA策略运行子进程
2018-05-12 14:19:35,757  INFO: 事件引擎创建成功
2018-05-12 14:19:35,823  INFO: 主引擎创建成功
2018-05-12 14:19:35,825  INFO: 注册日志事件监听
2018-05-12 14:28:39,894  INFO: huobi	交易服务器连接成功
2018-05-12 14:28:40,443  INFO: 连接HUOBI接口
2018-05-12 14:28:40,477  INFO: MAIN_ENGINE	MongoDB连接成功
2018-05-12 14:28:40,849  INFO: huobi	交易代码查询成功
2018-05-12 14:28:41,591  INFO: huobi	交易账户1616722查询成功
2018-05-12 14:28:41,592  INFO: huobi	交易账户3293164查询成功
2018-05-12 14:28:41,592  INFO: huobi	交易账户3371698查询成功
2018-05-12 14:28:50,451  INFO: CTA策略载入成功
2018-05-12 14:28:50,467  INFO: CTA_STRATEGY	找不到策略类：EmaDemoStrategy
2018-05-12 14:28:50,467  INFO: CTA_STRATEGY	atr rsi:atr rsi策略初始化
2018-05-12 14:28:50,476  INFO: CTA_STRATEGY	atr rsi的交易合约IC1706无法找到
2018-05-12 14:28:50,476  INFO: CTA策略初始化成功
2018-05-12 14:28:50,479  INFO: CTA_STRATEGY	king keltner:king keltner策略初始化
2018-05-12 14:28:50,479  INFO: CTA策略启动成功
2018-05-12 14:28:50,480  INFO: CTA_STRATEGY	king keltner的交易合约IH1706无法找到
2018-05-12 14:28:50,480  INFO: CTA_STRATEGY	atr rsi:atr rsi策略启动
2018-05-12 14:28:50,480  INFO: CTA_STRATEGY	king keltner:king keltner策略启动
2018-05-12 14:30:19,266  INFO: 启动CTA策略运行子进程
2018-05-12 14:30:19,267  INFO: 事件引擎创建成功
2018-05-12 14:30:19,351  INFO: 主引擎创建成功
2018-05-12 14:30:19,351  INFO: 注册日志事件监听
2018-05-12 14:38:12,132  INFO: 启动CTA策略运行子进程
2018-05-12 14:38:12,134  INFO: 事件引擎创建成功
2018-05-12 14:38:12,200  INFO: 主引擎创建成功
2018-05-12 14:38:12,200  INFO: 注册日志事件监听
2018-05-12 14:38:12,203  INFO: huobi	连接配置缺少字段，请检查
2018-05-12 14:38:12,282  INFO: 连接HUOBI接口
2018-05-12 14:38:12,325  INFO: MAIN_ENGINE	MongoDB连接成功
2018-05-12 14:38:22,289  INFO: CTA策略载入成功
2018-05-12 14:38:22,298  INFO: CTA策略初始化成功
2018-05-12 14:38:22,299  INFO: CTA策略启动成功
2018-05-12 14:38:22,315  INFO: CTA_STRATEGY	找不到策略类：EmaDemoStrategy
2018-05-12 14:38:22,315  INFO: CTA_STRATEGY	atr rsi:atr rsi策略初始化
2018-05-12 14:38:22,315  INFO: CTA_STRATEGY	atr rsi的交易合约IC1706无法找到
2018-05-12 14:38:22,316  INFO: CTA_STRATEGY	king keltner:king keltner策略初始化
2018-05-12 14:38:22,318  INFO: CTA_STRATEGY	king keltner的交易合约IH1706无法找到
2018-05-12 14:38:22,318  INFO: CTA_STRATEGY	atr rsi:atr rsi策略启动
2018-05-12 14:38:22,318  INFO: CTA_STRATEGY	king keltner:king keltner策略启动
2018-05-12 14:41:27,168  INFO: 启动CTA策略运行子进程
2018-05-12 14:41:27,168  INFO: 事件引擎创建成功
2018-05-12 14:41:27,226  INFO: 主引擎创建成功
2018-05-12 14:41:27,226  INFO: 注册日志事件监听
2018-05-12 14:56:11,065  INFO: 启动CTA策略运行子进程
2018-05-12 14:56:11,066  INFO: 事件引擎创建成功
2018-05-12 14:56:11,138  INFO: 主引擎创建成功
2018-05-12 14:56:11,140  INFO: 注册日志事件监听
2018-05-12 14:58:13,516  INFO: 启动CTA策略运行子进程
2018-05-12 14:58:13,516  INFO: 事件引擎创建成功
2018-05-12 14:58:13,569  INFO: 主引擎创建成功
2018-05-12 14:58:13,569  INFO: 注册日志事件监听
2018-05-12 15:08:22,092  INFO: 启动CTA策略运行子进程
2018-05-12 15:08:22,094  INFO: 事件引擎创建成功
2018-05-12 15:08:22,167  INFO: 主引擎创建成功
2018-05-12 15:08:22,167  INFO: 注册日志事件监听
2018-05-12 15:08:50,772  INFO: huobi	行情服务器连接成功
2018-05-12 15:09:20,832  INFO: huobi	交易服务器连接成功
2018-05-12 15:09:21,426  INFO: huobi	交易代码查询成功
2018-05-12 15:09:21,990  INFO: huobi	交易账户1616722查询成功
2018-05-12 15:09:21,990  INFO: huobi	交易账户3293164查询成功
2018-05-12 15:09:21,990  INFO: huobi	交易账户3371698查询成功
2018-05-12 15:09:50,329  INFO: MAIN_ENGINE	MongoDB连接成功
2018-05-12 15:09:53,838  INFO: 连接HUOBI接口
2018-05-12 15:13:31,609  INFO: CTA_STRATEGY	找不到策略类：EmaDemoStrategy
2018-05-12 15:14:24,937  INFO: 启动CTA策略运行子进程
2018-05-12 15:14:24,937  INFO: 事件引擎创建成功
2018-05-12 15:14:25,009  INFO: 主引擎创建成功
2018-05-12 15:14:25,009  INFO: 注册日志事件监听
2018-05-12 15:14:26,674  INFO: huobi	行情服务器连接成功
2018-05-12 15:14:26,676  INFO: huobi	交易服务器连接成功
2018-05-12 15:14:26,788  INFO: 连接HUOBI接口
2018-05-12 15:14:26,795  INFO: MAIN_ENGINE	MongoDB连接成功
2018-05-12 15:14:27,323  INFO: huobi	交易代码查询成功
2018-05-12 15:14:27,789  INFO: huobi	交易账户1616722查询成功
2018-05-12 15:14:27,792  INFO: huobi	交易账户3293164查询成功
2018-05-12 15:14:27,795  INFO: huobi	交易账户3371698查询成功
2018-05-12 15:23:56,687  INFO: 启动CTA策略运行子进程
2018-05-12 15:23:56,690  INFO: 事件引擎创建成功
2018-05-12 15:23:56,759  INFO: 主引擎创建成功
2018-05-12 15:23:56,760  INFO: 注册日志事件监听
2018-05-12 15:23:58,720  INFO: huobi	行情服务器连接成功
2018-05-12 15:23:58,766  INFO: huobi	交易服务器连接成功
2018-05-12 15:23:58,872  INFO: 连接HUOBI接口
2018-05-12 15:23:58,884  INFO: MAIN_ENGINE	MongoDB连接成功
2018-05-12 15:23:59,301  INFO: huobi	交易代码查询成功
2018-05-12 15:23:59,749  INFO: huobi	交易账户1616722查询成功
2018-05-12 15:23:59,753  INFO: huobi	交易账户3293164查询成功
2018-05-12 15:23:59,759  INFO: huobi	交易账户3371698查询成功
2018-05-12 15:38:47,861  INFO: CTA策略载入成功
2018-05-12 15:49:50,137  INFO: CTA_STRATEGY	atr rsi:atr rsi策略初始化
2018-05-12 15:55:39,401  INFO: 启动CTA策略运行子进程
2018-05-12 15:55:39,401  INFO: 事件引擎创建成功
2018-05-12 15:55:39,467  INFO: 主引擎创建成功
2018-05-12 15:55:39,467  INFO: 注册日志事件监听
2018-05-12 15:55:41,108  INFO: huobi	行情服务器连接成功
2018-05-12 15:55:41,117  INFO: huobi	交易服务器连接成功
2018-05-12 15:55:41,230  INFO: 连接HUOBI接口
2018-05-12 15:55:41,240  INFO: MAIN_ENGINE	MongoDB连接成功
2018-05-12 15:55:41,618  INFO: huobi	交易代码查询成功
2018-05-12 15:55:42,184  INFO: huobi	交易账户1616722查询成功
2018-05-12 15:55:42,186  INFO: huobi	交易账户3293164查询成功
2018-05-12 15:55:42,187  INFO: huobi	交易账户3371698查询成功
2018-05-12 15:56:20,306  INFO: CTA策略载入成功
2018-05-12 15:58:54,894  INFO: CTA_STRATEGY	atr rsi:atr rsi策略初始化
2018-05-12 16:17:11,634  INFO: 启动CTA策略运行子进程
2018-05-12 16:17:11,634  INFO: 事件引擎创建成功
2018-05-12 16:17:11,694  INFO: 主引擎创建成功
2018-05-12 16:17:11,696  INFO: 注册日志事件监听
2018-05-12 16:17:13,361  INFO: huobi	行情服务器连接成功
2018-05-12 16:17:13,368  INFO: huobi	交易服务器连接成功
2018-05-12 16:17:13,470  INFO: 连接HUOBI接口
2018-05-12 16:17:13,483  INFO: MAIN_ENGINE	MongoDB连接成功
2018-05-12 16:17:13,818  INFO: huobi	交易代码查询成功
2018-05-12 16:17:14,345  INFO: huobi	交易账户1616722查询成功
2018-05-12 16:17:14,348  INFO: huobi	交易账户3293164查询成功
2018-05-12 16:17:14,351  INFO: huobi	交易账户3371698查询成功
2018-05-12 16:17:23,483  INFO: CTA策略载入成功
2018-05-12 16:17:23,510  INFO: CTA_STRATEGY	atr rsi:atr rsi策略初始化
2018-05-12 16:18:02,667  INFO: 启动CTA策略运行子进程
2018-05-12 16:18:02,667  INFO: 事件引擎创建成功
2018-05-12 16:18:02,717  INFO: 主引擎创建成功
2018-05-12 16:18:02,719  INFO: 注册日志事件监听
2018-05-12 16:18:04,400  INFO: huobi	行情服务器连接成功
2018-05-12 16:18:04,403  INFO: huobi	交易服务器连接成功
2018-05-12 16:18:04,512  INFO: 连接HUOBI接口
2018-05-12 16:18:04,516  INFO: MAIN_ENGINE	MongoDB连接成功
2018-05-12 16:18:04,963  INFO: huobi	交易代码查询成功
2018-05-12 16:18:05,433  INFO: huobi	交易账户1616722查询成功
2018-05-12 16:18:05,437  INFO: huobi	交易账户3293164查询成功
2018-05-12 16:18:05,440  INFO: huobi	交易账户3371698查询成功
2018-05-12 16:18:14,525  INFO: CTA策略载入成功
2018-05-12 16:18:14,592  INFO: CTA_STRATEGY	atr rsi:atr rsi策略初始化
2018-05-12 20:42:04,051  INFO: 启动CTA策略运行子进程
2018-05-12 20:42:04,052  INFO: 事件引擎创建成功
2018-05-12 20:42:04,161  INFO: 主引擎创建成功
2018-05-12 20:42:04,164  INFO: 注册日志事件监听
2018-05-12 20:42:06,846  INFO: huobi	行情服务器连接成功
2018-05-12 20:42:06,868  INFO: huobi	交易服务器连接成功
2018-05-12 20:42:07,203  INFO: 连接HUOBI接口
2018-05-12 20:42:07,250  INFO: MAIN_ENGINE	MongoDB连接成功
2018-05-12 20:42:08,187  INFO: huobi	交易代码查询成功
2018-05-12 20:42:09,526  INFO: huobi	交易账户1616722查询成功
2018-05-12 20:42:09,530  INFO: huobi	交易账户3293164查询成功
2018-05-12 20:42:09,533  INFO: huobi	交易账户3371698查询成功
2018-05-12 20:42:17,211  INFO: CTA策略载入成功
2018-05-12 20:42:17,272  INFO: CTA_STRATEGY	atr rsi:atr rsi策略初始化
2018-05-12 20:42:20,253  INFO: CTA_STRATEGY	king keltner:king keltner策略初始化
2018-05-12 20:42:38,154  INFO: CTA策略初始化成功
2018-05-12 20:42:38,157  INFO: CTA策略启动成功
2018-05-12 20:42:38,174  INFO: CTA_STRATEGY	atr rsi:atr rsi策略启动
2018-05-12 20:42:38,174  INFO: CTA_STRATEGY	king keltner:king keltner策略启动
2018-05-12 20:46:14,088  INFO: 启动CTA策略运行子进程
2018-05-12 20:46:14,089  INFO: 事件引擎创建成功
2018-05-12 20:46:14,135  INFO: 主引擎创建成功
2018-05-12 20:46:14,137  INFO: 注册日志事件监听
2018-05-12 20:46:16,365  INFO: huobi	行情服务器连接成功
2018-05-12 20:46:16,377  INFO: huobi	交易服务器连接成功
2018-05-12 20:46:16,388  INFO: 连接HUOBI接口
2018-05-12 20:46:16,394  INFO: MAIN_ENGINE	MongoDB连接成功
2018-05-12 20:46:18,841  INFO: huobi	交易代码查询成功
2018-05-12 20:46:20,967  INFO: huobi	交易账户1616722查询成功
2018-05-12 20:46:20,974  INFO: huobi	交易账户3293164查询成功
2018-05-12 20:46:20,980  INFO: huobi	交易账户3371698查询成功
2018-05-12 20:46:26,395  INFO: CTA策略载入成功
2018-05-12 20:46:26,437  INFO: CTA_STRATEGY	atr rsi:atr rsi策略初始化
2018-05-12 20:48:56,989  INFO: 启动CTA策略运行子进程
2018-05-12 20:48:56,990  INFO: 事件引擎创建成功
2018-05-12 20:48:57,046  INFO: 主引擎创建成功
2018-05-12 20:48:57,048  INFO: 注册日志事件监听
2018-05-12 20:48:59,772  INFO: huobi	行情服务器连接成功
2018-05-12 20:48:59,806  INFO: huobi	交易服务器连接成功
2018-05-12 20:49:01,299  INFO: 连接HUOBI接口
2018-05-12 20:49:01,342  INFO: MAIN_ENGINE	MongoDB连接成功
2018-05-12 20:49:02,174  INFO: huobi	交易代码查询成功
2018-05-12 20:49:03,733  INFO: huobi	交易账户1616722查询成功
2018-05-12 20:49:03,739  INFO: huobi	交易账户3293164查询成功
2018-05-12 20:49:03,744  INFO: huobi	交易账户3371698查询成功
2018-05-12 20:49:11,305  INFO: CTA策略载入成功
2018-05-12 20:49:11,313  INFO: CTA策略初始化成功
2018-05-12 20:49:11,315  INFO: CTA策略启动成功
2018-05-12 20:49:11,319  INFO: CTA_STRATEGY	atr rsi:atr rsi策略初始化
2018-05-12 20:49:11,321  INFO: CTA_STRATEGY	king keltner:king keltner策略初始化
2018-05-12 20:49:11,322  INFO: CTA_STRATEGY	atr rsi:atr rsi策略启动
2018-05-12 20:49:11,325  INFO: CTA_STRATEGY	king keltner:king keltner策略启动
2018-05-12 21:09:59,565  INFO: 启动CTA策略运行子进程
2018-05-12 21:09:59,569  INFO: 事件引擎创建成功
2018-05-12 21:09:59,900  INFO: 主引擎创建成功
2018-05-12 21:09:59,901  INFO: 注册日志事件监听
2018-05-12 21:10:01,872  INFO: huobi	行情服务器连接成功
2018-05-12 21:10:01,938  INFO: huobi	交易服务器连接成功
2018-05-12 21:10:02,086  INFO: 连接HUOBI接口
2018-05-12 21:10:02,107  INFO: MAIN_ENGINE	MongoDB连接成功
2018-05-12 21:10:02,546  INFO: huobi	交易代码查询成功
2018-05-12 21:10:02,974  INFO: huobi	交易账户1616722查询成功
2018-05-12 21:10:02,976  INFO: huobi	交易账户3293164查询成功
2018-05-12 21:10:02,979  INFO: huobi	交易账户3371698查询成功
2018-05-12 21:10:12,095  INFO: CTA策略载入成功
2018-05-12 21:10:12,098  INFO: CTA策略初始化成功
2018-05-12 21:10:12,099  INFO: CTA策略启动成功
2018-05-12 21:10:12,114  INFO: CTA_STRATEGY	atr rsi:atr rsi策略初始化
2018-05-12 21:10:12,115  INFO: CTA_STRATEGY	king keltner:king keltner策略初始化
2018-05-12 21:10:12,117  INFO: CTA_STRATEGY	atr rsi:atr rsi策略启动
2018-05-12 21:10:12,118  INFO: CTA_STRATEGY	king keltner:king keltner策略启动
